<?xml version="1.0" encoding="UTF-8"?>
<testng-results skipped="0" failed="0" ignored="0" total="2" passed="2">
  <reporter-output>
  </reporter-output>
  <suite name="Command line suite" duration-ms="567" started-at="2019-12-04T06:25:22Z" finished-at="2019-12-04T06:25:23Z">
    <groups>
    </groups>
    <test name="Command line test" duration-ms="567" started-at="2019-12-04T06:25:22Z" finished-at="2019-12-04T06:25:23Z">
      <class name="ExtentReportsTest">
        <test-method status="PASS" signature="testApp()[pri:0, instance:ExtentReportsTest@2f7c7260]" name="testApp" duration-ms="515" started-at="2019-12-04T06:25:22Z" finished-at="2019-12-04T06:25:23Z">
          <reporter-output>
          </reporter-output>
        </test-method> <!-- testApp -->
      </class> <!-- ExtentReportsTest -->
      <class name="AppTest">
        <test-method status="PASS" signature="testApp()[pri:0, instance:AppTest@1b0375b3]" name="testApp" duration-ms="13" started-at="2019-12-04T06:25:22Z" finished-at="2019-12-04T06:25:22Z">
          <reporter-output>
          </reporter-output>
        </test-method> <!-- testApp -->
      </class> <!-- AppTest -->
    </test> <!-- Command line test -->
  </suite> <!-- Command line suite -->
</testng-results>
