<?xml version="1.0" encoding="UTF-8"?>
<testng-results skipped="0" failed="0" ignored="0" total="1" passed="1">
  <reporter-output>
  </reporter-output>
  <suite name="Default suite" duration-ms="3971" started-at="2019-12-04T01:42:50Z" finished-at="2019-12-04T01:42:54Z">
    <groups>
    </groups>
    <test name="Default test" duration-ms="3971" started-at="2019-12-04T01:42:50Z" finished-at="2019-12-04T01:42:54Z">
      <class name="ExtentReportsTest">
        <test-method status="PASS" signature="testApp()[pri:0, instance:ExtentReportsTest@215be6bb]" name="testApp" duration-ms="3910" started-at="2019-12-04T01:42:50Z" finished-at="2019-12-04T01:42:54Z">
          <reporter-output>
          </reporter-output>
        </test-method> <!-- testApp -->
      </class> <!-- ExtentReportsTest -->
    </test> <!-- Default test -->
  </suite> <!-- Default suite -->
</testng-results>
